2025-08-17 14:46:33 [main] INFO  Log - Setting the Browser
2025-08-17 14:46:33 [main] INFO  Log - Navigating to page
2025-08-17 14:47:28 [main] INFO  Log - User is navigated to registration page
2025-08-17 14:47:28 [main] INFO  Log - User enters the credentials
2025-08-17 14:47:31 [main] INFO  Log - Closing the driver
2025-08-17 17:46:53 [main] INFO  Log - Setting the Browser
2025-08-17 17:46:53 [main] INFO  Log - Navigating to page
2025-08-17 17:47:12 [main] INFO  Log - Closing the driver
2025-08-17 17:47:40 [main] INFO  Log - Setting the Browser
2025-08-17 17:47:40 [main] INFO  Log - Navigating to page
2025-08-17 17:47:58 [main] INFO  Log - Closing the driver
2025-08-17 17:48:20 [main] INFO  Log - Setting the Browser
2025-08-17 17:48:20 [main] INFO  Log - Navigating to page
2025-08-17 17:48:38 [main] INFO  Log - Closing the driver
2025-08-17 18:25:41 [main] INFO  Log - Setting the Browser
2025-08-17 18:25:41 [main] INFO  Log - Navigating to page
2025-08-17 18:26:01 [main] INFO  Log - Closing the driver
2025-08-17 18:31:45 [main] INFO  Log - Setting the Browser
2025-08-17 18:31:45 [main] INFO  Log - Navigating to page
2025-08-17 18:32:04 [main] INFO  Log - Closing the driver
2025-08-18 09:32:44 [main] INFO  Log - Setting the Browser
2025-08-18 09:32:44 [main] INFO  Log - Navigating to page
2025-08-18 09:33:06 [main] INFO  Log - Closing the driver
2025-08-18 09:35:16 [main] INFO  Log - Setting the Browser
2025-08-18 09:35:16 [main] INFO  Log - Navigating to page
2025-08-18 09:35:30 [main] INFO  Log - Closing the driver
2025-08-18 09:41:12 [main] INFO  Log - Setting the Browser
2025-08-18 09:41:12 [main] INFO  Log - Navigating to page
2025-08-18 09:41:25 [main] INFO  Log - User is navigated to registration page
2025-08-18 09:41:25 [main] INFO  Log - User enters the credentials
2025-08-18 09:41:27 [main] INFO  Log - Closing the driver
2025-08-18 09:42:10 [main] INFO  Log - Setting the Browser
2025-08-18 09:42:10 [main] INFO  Log - Navigating to page
2025-08-18 09:42:21 [main] INFO  Log - User is navigated to registration page
2025-08-18 09:42:21 [main] INFO  Log - User enters the credentials
2025-08-18 09:42:23 [main] INFO  Log - Closing the driver
2025-08-18 09:44:05 [main] INFO  Log - Setting the Browser
2025-08-18 09:44:05 [main] INFO  Log - Navigating to page
2025-08-18 09:44:21 [main] INFO  Log - Closing the driver
2025-08-18 09:48:44 [main] INFO  Log - Setting the Browser
2025-08-18 09:48:44 [main] INFO  Log - Navigating to page
2025-08-18 09:49:01 [main] INFO  Log - Closing the driver
2025-08-18 09:50:29 [main] INFO  Log - Setting the Browser
2025-08-18 09:50:29 [main] INFO  Log - Navigating to page
2025-08-18 09:50:47 [main] INFO  Log - Closing the driver
2025-08-18 09:57:15 [main] INFO  Log - Setting the Browser
2025-08-18 09:57:15 [main] INFO  Log - Navigating to page
2025-08-18 09:57:31 [main] INFO  Log - Closing the driver
2025-08-18 09:59:48 [main] INFO  Log - Setting the Browser
2025-08-18 09:59:48 [main] INFO  Log - Navigating to page
2025-08-18 10:00:13 [main] INFO  Log - Closing the driver
2025-08-18 10:05:54 [main] INFO  Log - Setting the Browser
2025-08-18 10:05:54 [main] INFO  Log - Navigating to page
2025-08-18 10:06:10 [main] INFO  Log - Closing the driver
2025-08-18 10:08:49 [main] INFO  Log - Setting the Browser
2025-08-18 10:08:49 [main] INFO  Log - Navigating to page
2025-08-18 10:09:05 [main] INFO  Log - Closing the driver
2025-08-18 10:13:03 [main] INFO  Log - Setting the Browser
2025-08-18 10:13:03 [main] INFO  Log - Navigating to page
2025-08-18 10:13:24 [main] INFO  Log - Closing the driver
2025-08-18 10:17:28 [main] INFO  Log - Setting the Browser
2025-08-18 10:17:28 [main] INFO  Log - Navigating to page
2025-08-18 10:17:38 [main] INFO  Log - User is on Parabank page
2025-08-18 10:17:40 [main] INFO  Log - User clicks on Registration Link
2025-08-18 10:17:40 [main] INFO  Log - User is navigated to registration page
2025-08-18 10:17:40 [main] INFO  Log - User enters the credentials
2025-08-18 10:17:42 [main] INFO  Log - User clicks on Register button
2025-08-18 10:17:42 [main] INFO  Log - User has registered successfully
2025-08-18 10:17:42 [main] INFO  Log - Closing the driver
